\BOOKMARK [0][-]{chapter.1}{\376\377\000I\000n\000t\000r\000o\000d\000u\000c\000t\000i\000o\000n}{}% 1
\BOOKMARK [1][-]{section.1.1}{\376\377\000U\000n\000\040\000p\000e\000u\000\040\000d\000'\000h\000i\000s\000t\000o\000i\000r\000e\000.\000.\000.}{chapter.1}% 2
\BOOKMARK [1][-]{section.1.2}{\376\377\000F\000o\000n\000c\000t\000i\000o\000n\000n\000e\000m\000e\000n\000t\000\040\000d\000'\000u\000n\000e\000\040\000M\000T\000U}{chapter.1}% 3
\BOOKMARK [0][-]{chapter.2}{\376\377\000C\000o\000n\000c\000e\000p\000t\000i\000o\000n}{}% 4
\BOOKMARK [1][-]{section.2.1}{\376\377\000C\000a\000h\000i\000e\000r\000\040\000d\000e\000s\000\040\000c\000h\000a\000r\000g\000e\000s}{chapter.2}% 5
\BOOKMARK [2][-]{subsection.2.1.1}{\376\377\000P\000a\000r\000t\000i\000e\000\040\0001}{section.2.1}% 6
\BOOKMARK [2][-]{subsection.2.1.2}{\376\377\000P\000a\000r\000t\000i\000e\000\040\0002}{section.2.1}% 7
\BOOKMARK [2][-]{subsection.2.1.3}{\376\377\000P\000a\000r\000t\000i\000e\000\040\0003}{section.2.1}% 8
\BOOKMARK [1][-]{section.2.2}{\376\377\000D\000\351\000f\000i\000n\000i\000t\000i\000o\000n\000\040\000d\000e\000s\000\040\000b\000e\000s\000o\000i\000n\000s}{chapter.2}% 9
\BOOKMARK [2][-]{subsection.2.2.1}{\376\377\000D\000i\000a\000g\000r\000a\000m\000m\000e\000\040\000b\000\352\000t\000e\000\040\000\340\000\040\000c\000o\000r\000n\000e}{section.2.2}% 10
\BOOKMARK [2][-]{subsection.2.2.2}{\376\377\000M\000a\000t\000r\000i\000c\000e\000\040\000M\000o\000s\000c\000o\000w}{section.2.2}% 11
\BOOKMARK [1][-]{section.2.3}{\376\377\000C\000o\000n\000c\000e\000p\000t\000i\000o\000n\000\040\000M\000a\000t\000\351\000r\000i\000e\000l\000l\000e}{chapter.2}% 12
\BOOKMARK [2][-]{subsection.2.3.1}{\376\377\000S\000F\000N\0001}{section.2.3}% 13
\BOOKMARK [2][-]{subsection.2.3.2}{\376\377\000S\000F\000n\000D}{section.2.3}% 14
\BOOKMARK [2][-]{subsection.2.3.3}{\376\377\000C\000h\000o\000i\000x\000\040\000d\000e\000s\000\040\000t\000e\000c\000h\000n\000o\000l\000o\000g\000i\000e\000s}{section.2.3}% 15
\BOOKMARK [2][-]{subsection.2.3.4}{\376\377\000S\000p\000\351\000c\000i\000f\000i\000c\000a\000t\000i\000o\000n\000s\000\040\000d\000e\000s\000\040\000f\000o\000n\000c\000t\000i\000o\000n\000s\000\040\000e\000t\000\040\000d\000e\000\040\000l\000e\000u\000r\000s\000\040\000s\000i\000g\000n\000a\000u\000x\000\040\000d\000e\000\040\000c\000o\000m\000m\000u\000n\000i\000c\000a\000t\000i\000o\000n}{section.2.3}% 16
\BOOKMARK [2][-]{subsection.2.3.5}{\376\377\000C\000h\000o\000i\000x\000\040\000d\000e\000s\000\040\000c\000o\000m\000p\000o\000s\000a\000n\000t\000s}{section.2.3}% 17
\BOOKMARK [2][-]{subsection.2.3.6}{\376\377\000S\000c\000h\000\351\000m\000a\000\040\000r\000e\000p\000r\000\351\000s\000e\000n\000t\000a\000t\000i\000f}{section.2.3}% 18
\BOOKMARK [2][-]{subsection.2.3.7}{\376\377\000S\000c\000h\000\351\000m\000a\000s\000\040\000s\000t\000r\000u\000c\000t\000u\000r\000e\000l\000s}{section.2.3}% 19
\BOOKMARK [2][-]{subsection.2.3.8}{\376\377\000T\000e\000s\000t\000s}{section.2.3}% 20
\BOOKMARK [2][-]{subsection.2.3.9}{\376\377\000C\000o\000n\000c\000e\000p\000t\000i\000o\000n\000\040\000L\000o\000g\000i\000c\000i\000e\000l\000l\000e}{section.2.3}% 21
\BOOKMARK [2][-]{subsection.2.3.10}{\376\377\000D\000i\000a\000g\000r\000a\000m\000m\000e\000\040\000d\000e\000\040\000S\000\351\000q\000u\000e\000n\000c\000e\000s}{section.2.3}% 22
\BOOKMARK [2][-]{subsection.2.3.11}{\376\377\000A\000l\000g\000o\000r\000i\000t\000h\000m\000e}{section.2.3}% 23
\BOOKMARK [0][-]{chapter.3}{\376\377\000S\000y\000n\000t\000h\000\350\000s\000e}{}% 24
\BOOKMARK [0][-]{chapter.4}{\376\377\000A\000n\000n\000e\000x\000e\000s}{}% 25
\BOOKMARK [1][-]{section.4.1}{\376\377\000C\000o\000n\000n\000e\000x\000i\000o\000n\000s\000\040\000m\000i\000n\000i\000m\000a\000l\000e\000s\000\040\000r\000e\000c\000o\000m\000m\000a\000n\000d\000\351\000e\000s}{chapter.4}% 26
\BOOKMARK [1][-]{section.4.2}{\376\377\000c\000o\000d\000e}{chapter.4}% 27
\BOOKMARK [1][-]{section.4.3}{\376\377\000S\000o\000u\000r\000c\000e\000s}{chapter.4}% 28
